<?xml version="1.0" encoding="UTF-8"?>
<!-- Generated by org.testng.reporters.JUnitXMLReporter -->
<testsuite ignored="0" hostname="DESKTOP-ML4H4PI" failures="1" tests="3" name="Test" time="0.105" errors="0" timestamp="2022-10-31T00:44:21 IST">
  <testcase classname="Test_ng_programs.Emailable" name="TC1" time="0.013"/>
  <testcase classname="Test_ng_programs.Emailable" name="TC2" time="0.002"/>
  <testcase classname="Test_ng_programs.Emailable" name="TC3" time="0.011">
    <failure type="java.lang.AssertionError" message="null">
      <![CDATA[java.lang.AssertionError: null
at Test_ng_programs.Emailable.TC3(Emailable.java:20)
at java.base/java.util.ArrayList.forEach(ArrayList.java:1511)
... Removed 29 stack frames]]>
    </failure>
  </testcase> <!-- TC3 -->
</testsuite> <!-- Test -->
